C51 COMPILER V9.51   INTERRUPCIONES                                                        05/13/2015 19:13:13 PAGE 1   


C51 COMPILER V9.51, COMPILATION OF MODULE INTERRUPCIONES
OBJECT MODULE PLACED IN .\interrupciones.obj
COMPILER INVOKED BY: C:\Keil_v5\C51\BIN\C51.EXE ..\Source\fuentes\interrupciones.c BROWSE DEBUG OBJECTEXTEND PRINT(.\int
                    -errupciones.lst) TABS(2) OBJECT(.\interrupciones.obj)

line level    source

   1          /**
   2           * @file interrupciones.c
   3           * @author Sambataro, Ignacio; Mantovani, Luciano
   4           * @date 2015
   5           * @brief define todas las rutinas de interrupcion
   6           * @details [long description]
   7           */
   8          #include "headers.h"
   9          #include "interrupciones.h"
  10          
  11          
  12          void ADC0_ISR (void) interrupt 10
  13          {
  14   1         // printf("hola, acabo de convertir\n");
  15   1         while(!AD0INT);                     // Wait till conversion complete
  16   1         AD0INT = 0;                         // Clear ADC0 conversion complete flag
  17   1         f_dato_convertido = true;
  18   1      }


MODULE INFORMATION:   STATIC OVERLAYABLE
   CODE SIZE        =      9    ----
   CONSTANT SIZE    =   ----    ----
   XDATA SIZE       =   ----    ----
   PDATA SIZE       =   ----    ----
   DATA SIZE        =   ----    ----
   IDATA SIZE       =   ----    ----
   BIT SIZE         =   ----    ----
END OF MODULE INFORMATION.


C51 COMPILATION COMPLETE.  0 WARNING(S),  0 ERROR(S)
