C51 COMPILER V9.53.0.0   INTERFAZ                                                          05/04/2015 20:24:22 PAGE 1   


C51 COMPILER V9.53.0.0, COMPILATION OF MODULE INTERFAZ
OBJECT MODULE PLACED IN interfaz.OBJ
COMPILER INVOKED BY: C:\Keil\C51\BIN\C51.exe interfaz.c DB OE BR INCDIR(C:\SiLabs\MCU\Inc)

line level    source

   1          #include "headers.h"
   2          #include "interfaz.h"
   3          
   4          ///MENU DE CONFIGURACION
   5          
   6          void imprimir_menu(void)
   7          {
   8   1              printf("\n Menú de configuracion\n");
   9   1              printf("1. Configuración de ADC\n");
  10   1              printf("2. Modos de transmision de datos\n");
  11   1              printf("3. Tipo de comunicacion serial\n");
  12   1              printf("4. Guardar la configuracion\n");
  13   1              printf("5. Salir e iniciar\n");
  14   1      }
  15          
  16          ///CONFIGURACION DEL ADC
  17          
  18          void imprimir_conf_ADC(void)
  19          {
  20   1              printf("\n1. Configurar pins en modo single-ended\n");
  21   1              printf("2. Configurar pins en modo diferencial\n");
  22   1              printf("3. Configurar ganancia\n");
  23   1              printf("4. Volver al menu anterior\n");
  24   1      }
  25          
  26          void imprimir_conf_modo_single_ended(void)
  27          {
  28   1              printf("\nIngresar los numeros de los pines separados por la tecla 'enter'\n");
  29   1              printf("Al terminar, ingrese la tecla 'r'\n");
  30   1      }
  31          
  32          void imprimir_conf_modo_diferencial(void)
  33          {
  34   1              printf("\nIngresar, de a dos, los pares de los pines desados, separando los grupos con la tecla 'enter'\n
             -");
  35   1              printf("Al terminar, ingrese la tecla 'r'\n");
  36   1      }
  37          
  38          ///CONFIGURACION DE MODOS DE TRANSMISION DE DATOS
  39          
  40          void imprimir_conf_modos(void)
  41          {
  42   1              printf("\n1. Por peticion de dispositivo externo\n");
  43   1              printf("2. Flujo constante\n");
  44   1              printf("3. Por vencimiento de temporarizador\n");
  45   1              printf("4. Volver al menu anterior\n");
  46   1      }
  47          
  48          void imprimir_conf_tipoSerial(void)
  49          {
  50   1              printf("\n1. RS232\n");
  51   1              printf("2. I2C (no implementado)\n");   
  52   1      }
  53          
  54          
C51 COMPILER V9.53.0.0   INTERFAZ                                                          05/04/2015 20:24:22 PAGE 2   

  55          void correr_menu(void)
  56          {
  57   1              char c_opcion;
  58   1              int opcion;
  59   1      
  60   1              imprimir_menu();
  61   1      
  62   1                      c_opcion = getchar();
  63   1                      // printf("%c\n", c_opcion);
  64   1      /*              if(c_opcion == '1')
  65   1                              printf("YEAH\n");
  66   1                      else printf("FUCK\n");*/
  67   1              
  68   1              switch(c_opcion)
  69   1              {
  70   2                      case '1': imprimir_conf_ADC(); break;
  71   2                      case '2': imprimir_conf_modos(); break;
  72   2                      case '3': imprimir_conf_tipoSerial(); break;
  73   2                      default: printf("default!!\n");
  74   2                      break;
  75   2              }
  76   1      
  77   1      }
*** WARNING C280 IN LINE 58 OF interfaz.c: 'opcion': unreferenced local variable


MODULE INFORMATION:   STATIC OVERLAYABLE
   CODE SIZE        =    217    ----
   CONSTANT SIZE    =    646    ----
   XDATA SIZE       =   ----    ----
   PDATA SIZE       =   ----    ----
   DATA SIZE        =   ----       2
   IDATA SIZE       =   ----    ----
   BIT SIZE         =   ----    ----
END OF MODULE INFORMATION.


C51 COMPILATION COMPLETE.  1 WARNING(S),  0 ERROR(S)
