C51 COMPILER V9.53.0.0   MAIN                                                              05/12/2015 17:58:44 PAGE 1   


C51 COMPILER V9.53.0.0, COMPILATION OF MODULE MAIN
OBJECT MODULE PLACED IN main.OBJ
COMPILER INVOKED BY: C:\Keil\C51\BIN\C51.exe main.c DB OE BR INCDIR(C:\SiLabs\MCU\Inc)

line level    source

   1          /**
   2           * @file main.c
   3           * @author Sambataro, Ignacio; Mantovani, Luciano
   4           * @date 2015
   5           * @brief [brief description]
   6           * @details [long description]
   7           */
   8          #include "headers.h"
   9          #include "interfaz.h"
  10          #include "configurador.h"
  11          #include "conversor.h"
  12           
  13          long int dato_a_enviar;
  14          bool f_dato_convertido;
  15          int buffer_single [TAM_SINGLE]; 
  16          short int posicion_adc;
  17          
  18          void main(void)
  19          {
  20   1      
  21   1              PCA0MD &= ~0x40;                    // WDTE = 0 (clear watchdog timer 
  22   1      
  23   1              buffer_single [TAM_SINGLE] = malloc(TAM_SINGLE);
  24   1              iniciar_sysclock();
  25   1              iniciar_puertos();
  26   1              iniciar_UART();
  27   1              iniciar_ADC();
  28   1              printf("aaaaaaa \n");
  29   1              correr_menu();
  30   1      
  31   1              AD0INT = 0;                                                     
  32   1              ADC0MD = 0x83;                      // Start continuous conversions
  33   1              EA = 1;                             // Enable global interrupts
  34   1      
  35   1              while(1)
  36   1              {
  37   2                      // empezar_adc();
  38   2                      // printf("no entraaa\n");
  39   2                      if(f_dato_convertido)
  40   2                      {
  41   3                              // printf("AAAAAAAAAAAAAAA\n");
  42   3                              f_dato_convertido = false;
  43   3                              dato_a_enviar = convertir();
  44   3                              enviar_dato(dato_a_enviar);
  45   3                              posicion_adc = cambiar_pin();
  46   3                              seleccionar_puerto(posicion_adc);
  47   3                      }
  48   2              }
  49   1      }


MODULE INFORMATION:   STATIC OVERLAYABLE
   CODE SIZE        =     78    ----
   CONSTANT SIZE    =     10    ----
   XDATA SIZE       =   ----    ----
C51 COMPILER V9.53.0.0   MAIN                                                              05/12/2015 17:58:44 PAGE 2   

   PDATA SIZE       =   ----    ----
   DATA SIZE        =     23    ----
   IDATA SIZE       =   ----    ----
   BIT SIZE         =   ----    ----
END OF MODULE INFORMATION.


C51 COMPILATION COMPLETE.  0 WARNING(S),  0 ERROR(S)
