
BL51 BANKED LINKER/LOCATER V6.22 - SN: Eval Version
COPYRIGHT KEIL ELEKTRONIK GmbH 1987 - 2009
"C:\Users\Samba\Desktop\Proyecto\PPS\Source\fuentes\comunicacion.obj",
"C:\Users\Samba\Desktop\Proyecto\PPS\Source\fuentes\configurador.obj",
"C:\Users\Samba\Desktop\Proyecto\PPS\Source\fuentes\interfaz.obj",
"C:\Users\Samba\Desktop\Proyecto\PPS\Source\fuentes\main.obj",
"C:\Users\Samba\Desktop\Proyecto\PPS\Source\fuentes\memoria.obj",
"C:\Users\Samba\Desktop\Proyecto\PPS\Source\fuentes\conversor.obj",
"C:\Users\Samba\Desktop\Proyecto\PPS\Source\fuentes\interrupciones.obj"  TO "C:\Users\Samba\Desktop\Proyecto\PPS\Source\fuentes\adc" RS(256) PL(68) PW(78) 

*** WARNING L16: UNCALLED SEGMENT, IGNORED FOR OVERLAY PROCESS
    SEGMENT: ?PR?INICIAR_INTERRUPCIONES?CONFIGURADOR

*** WARNING L16: UNCALLED SEGMENT, IGNORED FOR OVERLAY PROCESS
    SEGMENT: ?PR?INICIAR_FLASH?CONFIGURADOR

*** WARNING L16: UNCALLED SEGMENT, IGNORED FOR OVERLAY PROCESS
    SEGMENT: ?PR?CARGAR_CONFIGURACIONFLASH?CONFIGURADOR

*** WARNING L16: UNCALLED SEGMENT, IGNORED FOR OVERLAY PROCESS
    SEGMENT: ?PR?GUARDAR_CONFIGURACIONFLASH?CONFIGURADOR

*** WARNING L16: UNCALLED SEGMENT, IGNORED FOR OVERLAY PROCESS
    SEGMENT: ?PR?IMPRIMIR_CONF_MODO_SINGLE_ENDED?INTERFAZ

*** WARNING L16: UNCALLED SEGMENT, IGNORED FOR OVERLAY PROCESS
    SEGMENT: ?PR?IMPRIMIR_CONF_MODO_DIFERENCIAL?INTERFAZ

*** WARNING L16: UNCALLED SEGMENT, IGNORED FOR OVERLAY PROCESS
    SEGMENT: ?PR?CORRER_MENU?INTERFAZ

*** WARNING L16: UNCALLED SEGMENT, IGNORED FOR OVERLAY PROCESS
    SEGMENT: ?PR?CAMBIAR_PIN?CONVERSOR

*** WARNING L15: MULTIPLE CALL TO SEGMENT
    SEGMENT: ?PR?PRINTF?PRINTF
    CALLER1: ?PR?ADC0_ISR?INTERRUPCIONES
    CALLER2: ?C_C51STARTUP

******************************************************************************
* RESTRICTED VERSION WITH 0800H BYTE CODE SIZE LIMIT; USED: 04E2H BYTE (61%) *
******************************************************************************

>> 
>> 
>> 
Program Size: data=63.3 xdata=0 code=2539
LINK/LOCATE RUN COMPLETE.  9 WARNING(S),  0 ERROR(S)
